app/build/intermediates/manifest_merge_blame_file/debug/manifest-merger-blame-debug-report.txt
1<?xml version="1.0" encoding="utf-8"?>
2<manifest xmlns:android="http://schemas.android.com/apk/res/android"
3    package="net.lonelytransistor.notificationinsystem"
4    android:versionCode="1"
5    android:versionName="1.0" >
6
7    <uses-sdk
8        android:minSdkVersion="30"
9        android:targetSdkVersion="34" />
10
11    <uses-permission android:name="android.permission.FOREGROUND_SERVICE" />
11-->src/main/AndroidManifest.xml:5:5-77
11-->src/main/AndroidManifest.xml:5:22-74
12    <uses-permission android:name="android.permission.RECEIVE_BOOT_COMPLETED" />
12-->src/main/AndroidManifest.xml:6:5-81
12-->src/main/AndroidManifest.xml:6:22-78
13    <uses-permission android:name="android.permission.QUERY_ALL_PACKAGES" />
13-->src/main/AndroidManifest.xml:7:5-77
13-->src/main/AndroidManifest.xml:7:22-74
14
15    <uses-feature android:name="android.software.companion_device_setup" />
15-->src/main/AndroidManifest.xml:8:5-76
15-->src/main/AndroidManifest.xml:8:19-73
16
17    <queries>
17-->src/main/AndroidManifest.xml:10:5-15:15
18        <intent>
18-->src/main/AndroidManifest.xml:11:9-14:18
19            <action android:name="android.intent.action.MAIN" />
19-->src/main/AndroidManifest.xml:12:13-65
19-->src/main/AndroidManifest.xml:12:21-62
20
21            <category android:name="android.intent.action.LAUNCHER" />
21-->src/main/AndroidManifest.xml:13:13-71
21-->src/main/AndroidManifest.xml:13:23-68
22        </intent>
23    </queries>
24
25    <permission
25-->[androidx.core:core:1.9.0] AndroidManifest.xml:22:5-24:47
26        android:name="net.lonelytransistor.notificationinsystem.DYNAMIC_RECEIVER_NOT_EXPORTED_PERMISSION"
26-->[androidx.core:core:1.9.0] AndroidManifest.xml:23:9-81
27        android:protectionLevel="signature" />
27-->[androidx.core:core:1.9.0] AndroidManifest.xml:24:9-44
28
29    <uses-permission android:name="net.lonelytransistor.notificationinsystem.DYNAMIC_RECEIVER_NOT_EXPORTED_PERMISSION" />
29-->[androidx.core:core:1.9.0] AndroidManifest.xml:26:5-97
29-->[androidx.core:core:1.9.0] AndroidManifest.xml:26:22-94
30
31    <application
31-->src/main/AndroidManifest.xml:16:5-65:19
32        android:allowBackup="false"
32-->src/main/AndroidManifest.xml:17:9-36
33        android:appComponentFactory="androidx.core.app.CoreComponentFactory"
33-->[androidx.core:core:1.9.0] AndroidManifest.xml:28:18-86
34        android:debuggable="true"
35        android:extractNativeLibs="false"
36        android:icon="@mipmap/ic_launcher"
36-->src/main/AndroidManifest.xml:18:9-43
37        android:label="@string/app_name"
37-->src/main/AndroidManifest.xml:19:9-41
38        android:supportsRtl="false"
38-->src/main/AndroidManifest.xml:20:9-36
39        android:theme="@style/Theme.NotificationInStatusBar" >
39-->src/main/AndroidManifest.xml:21:9-61
40        <service
40-->src/main/AndroidManifest.xml:23:9-30:19
41            android:name="net.lonelytransistor.notificationinsystem.ui.ApkSelectorService"
41-->src/main/AndroidManifest.xml:23:18-55
42            android:exported="false"
42-->src/main/AndroidManifest.xml:26:13-37
43            android:label="Retrieve notification channels"
43-->src/main/AndroidManifest.xml:24:13-59
44            android:permission="android.permission.BIND_NOTIFICATION_LISTENER_SERVICE" >
44-->src/main/AndroidManifest.xml:25:13-87
45            <intent-filter>
45-->src/main/AndroidManifest.xml:27:13-29:29
46                <action android:name="android.service.notification.NotificationListenerService" />
46-->src/main/AndroidManifest.xml:28:17-99
46-->src/main/AndroidManifest.xml:28:25-96
47            </intent-filter>
48        </service>
49
50        <receiver
50-->src/main/AndroidManifest.xml:31:9-35:20
51            android:name="net.lonelytransistor.notificationinsystem.autostart"
51-->src/main/AndroidManifest.xml:31:19-44
52            android:exported="true" >
52-->src/main/AndroidManifest.xml:31:45-68
53            <intent-filter>
53-->src/main/AndroidManifest.xml:32:13-34:29
54                <action android:name="android.intent.action.BOOT_COMPLETED" />
54-->src/main/AndroidManifest.xml:33:17-79
54-->src/main/AndroidManifest.xml:33:25-76
55            </intent-filter>
56        </receiver>
57        <receiver
57-->src/main/AndroidManifest.xml:36:9-42:20
58            android:name="net.lonelytransistor.notificationinsystem.ui.SettingsBroadcastReceiver"
58-->src/main/AndroidManifest.xml:36:19-63
59            android:exported="true"
59-->src/main/AndroidManifest.xml:37:13-36
60            android:permission="com.android.systemui.permission.SELF" >
60-->src/main/AndroidManifest.xml:38:13-70
61            <intent-filter>
61-->src/main/AndroidManifest.xml:39:13-41:29
62                <action android:name="net.lonelytransistor.notificationinsystem.BROADCAST_SETTINGS_REQUEST" />
62-->src/main/AndroidManifest.xml:40:17-111
62-->src/main/AndroidManifest.xml:40:25-108
63            </intent-filter>
64        </receiver>
65
66        <activity
66-->src/main/AndroidManifest.xml:43:9-51:20
67            android:name="net.lonelytransistor.notificationinsystem.ui.ApkSelectorActivity"
67-->src/main/AndroidManifest.xml:44:13-51
68            android:exported="true" >
68-->src/main/AndroidManifest.xml:45:13-36
69            <intent-filter>
69-->src/main/AndroidManifest.xml:46:13-50:29
70                <action android:name="android.intent.action.MAIN" />
70-->src/main/AndroidManifest.xml:12:13-65
70-->src/main/AndroidManifest.xml:12:21-62
71
72                <category android:name="android.intent.category.LAUNCHER" />
72-->src/main/AndroidManifest.xml:48:17-77
72-->src/main/AndroidManifest.xml:48:27-74
73                <category android:name="android.intent.category.DEFAULT" />
73-->src/main/AndroidManifest.xml:49:17-76
73-->src/main/AndroidManifest.xml:49:27-73
74            </intent-filter>
75        </activity>
76
77        <meta-data
77-->src/main/AndroidManifest.xml:53:9-55:36
78            android:name="xposedmodule"
78-->src/main/AndroidManifest.xml:54:13-40
79            android:value="true" />
79-->src/main/AndroidManifest.xml:55:13-33
80        <meta-data
80-->src/main/AndroidManifest.xml:56:9-58:34
81            android:name="xposedminversion"
81-->src/main/AndroidManifest.xml:57:13-44
82            android:value="93" />
82-->src/main/AndroidManifest.xml:58:13-31
83        <meta-data
83-->src/main/AndroidManifest.xml:59:9-61:58
84            android:name="xposeddescription"
84-->src/main/AndroidManifest.xml:60:13-45
85            android:value="@string/app_module_summary" />
85-->src/main/AndroidManifest.xml:61:13-55
86        <meta-data
86-->src/main/AndroidManifest.xml:62:9-64:54
87            android:name="xposedscope"
87-->src/main/AndroidManifest.xml:63:13-39
88            android:resource="@array/module_scope" />
88-->src/main/AndroidManifest.xml:64:13-51
89
90        <provider
90-->[androidx.emoji2:emoji2:1.2.0] AndroidManifest.xml:24:9-32:20
91            android:name="androidx.startup.InitializationProvider"
91-->[androidx.emoji2:emoji2:1.2.0] AndroidManifest.xml:25:13-67
92            android:authorities="net.lonelytransistor.notificationinsystem.androidx-startup"
92-->[androidx.emoji2:emoji2:1.2.0] AndroidManifest.xml:26:13-68
93            android:exported="false" >
93-->[androidx.emoji2:emoji2:1.2.0] AndroidManifest.xml:27:13-37
94            <meta-data
94-->[androidx.emoji2:emoji2:1.2.0] AndroidManifest.xml:29:13-31:52
95                android:name="androidx.emoji2.text.EmojiCompatInitializer"
95-->[androidx.emoji2:emoji2:1.2.0] AndroidManifest.xml:30:17-75
96                android:value="androidx.startup" />
96-->[androidx.emoji2:emoji2:1.2.0] AndroidManifest.xml:31:17-49
97            <meta-data
97-->[androidx.lifecycle:lifecycle-process:2.6.1] AndroidManifest.xml:29:13-31:52
98                android:name="androidx.lifecycle.ProcessLifecycleInitializer"
98-->[androidx.lifecycle:lifecycle-process:2.6.1] AndroidManifest.xml:30:17-78
99                android:value="androidx.startup" />
99-->[androidx.lifecycle:lifecycle-process:2.6.1] AndroidManifest.xml:31:17-49
100            <meta-data
100-->[androidx.profileinstaller:profileinstaller:1.3.0] AndroidManifest.xml:29:13-31:52
101                android:name="androidx.profileinstaller.ProfileInstallerInitializer"
101-->[androidx.profileinstaller:profileinstaller:1.3.0] AndroidManifest.xml:30:17-85
102                android:value="androidx.startup" />
102-->[androidx.profileinstaller:profileinstaller:1.3.0] AndroidManifest.xml:31:17-49
103        </provider>
104
105        <receiver
105-->[androidx.profileinstaller:profileinstaller:1.3.0] AndroidManifest.xml:34:9-52:20
106            android:name="androidx.profileinstaller.ProfileInstallReceiver"
106-->[androidx.profileinstaller:profileinstaller:1.3.0] AndroidManifest.xml:35:13-76
107            android:directBootAware="false"
107-->[androidx.profileinstaller:profileinstaller:1.3.0] AndroidManifest.xml:36:13-44
108            android:enabled="true"
108-->[androidx.profileinstaller:profileinstaller:1.3.0] AndroidManifest.xml:37:13-35
109            android:exported="true"
109-->[androidx.profileinstaller:profileinstaller:1.3.0] AndroidManifest.xml:38:13-36
110            android:permission="android.permission.DUMP" >
110-->[androidx.profileinstaller:profileinstaller:1.3.0] AndroidManifest.xml:39:13-57
111            <intent-filter>
111-->[androidx.profileinstaller:profileinstaller:1.3.0] AndroidManifest.xml:40:13-42:29
112                <action android:name="androidx.profileinstaller.action.INSTALL_PROFILE" />
112-->[androidx.profileinstaller:profileinstaller:1.3.0] AndroidManifest.xml:41:17-91
112-->[androidx.profileinstaller:profileinstaller:1.3.0] AndroidManifest.xml:41:25-88
113            </intent-filter>
114            <intent-filter>
114-->[androidx.profileinstaller:profileinstaller:1.3.0] AndroidManifest.xml:43:13-45:29
115                <action android:name="androidx.profileinstaller.action.SKIP_FILE" />
115-->[androidx.profileinstaller:profileinstaller:1.3.0] AndroidManifest.xml:44:17-85
115-->[androidx.profileinstaller:profileinstaller:1.3.0] AndroidManifest.xml:44:25-82
116            </intent-filter>
117            <intent-filter>
117-->[androidx.profileinstaller:profileinstaller:1.3.0] AndroidManifest.xml:46:13-48:29
118                <action android:name="androidx.profileinstaller.action.SAVE_PROFILE" />
118-->[androidx.profileinstaller:profileinstaller:1.3.0] AndroidManifest.xml:47:17-88
118-->[androidx.profileinstaller:profileinstaller:1.3.0] AndroidManifest.xml:47:25-85
119            </intent-filter>
120            <intent-filter>
120-->[androidx.profileinstaller:profileinstaller:1.3.0] AndroidManifest.xml:49:13-51:29
121                <action android:name="androidx.profileinstaller.action.BENCHMARK_OPERATION" />
121-->[androidx.profileinstaller:profileinstaller:1.3.0] AndroidManifest.xml:50:17-95
121-->[androidx.profileinstaller:profileinstaller:1.3.0] AndroidManifest.xml:50:25-92
122            </intent-filter>
123        </receiver>
124    </application>
125
126</manifest>